SF:lib\src\video_appbar_exception.dart
DA:7,1
DA:9,1
DA:11,2
LF:3
LH:3
end_of_record
SF:lib\src\video_appbar.dart
DA:24,1
DA:92,1
DA:93,1
DA:95,1
DA:96,2
DA:105,1
DA:107,1
DA:110,3
DA:111,1
DA:112,5
DA:113,1
DA:116,1
DA:117,2
DA:118,4
DA:119,1
DA:120,3
DA:123,1
DA:124,2
DA:125,3
DA:126,1
DA:131,4
DA:132,4
DA:133,3
DA:134,1
DA:137,1
DA:138,3
DA:139,4
DA:140,4
DA:141,2
DA:145,3
DA:146,3
DA:147,1
DA:148,2
DA:149,2
DA:150,5
DA:155,1
DA:157,1
DA:160,2
DA:163,1
DA:165,1
DA:166,1
DA:167,1
DA:168,1
DA:169,2
DA:170,1
DA:172,1
DA:173,3
DA:174,1
DA:177,1
DA:178,4
DA:179,4
DA:180,1
DA:181,3
DA:182,2
DA:185,1
DA:186,0
DA:187,0
DA:188,0
DA:189,0
DA:190,0
DA:193,2
DA:194,1
DA:195,1
DA:196,1
DA:198,1
DA:199,3
DA:201,5
DA:202,1
DA:203,3
DA:204,1
DA:205,1
DA:206,1
DA:208,1
DA:209,2
DA:210,3
DA:212,1
DA:213,1
DA:215,2
DA:216,2
DA:218,1
DA:219,2
DA:220,1
DA:222,3
DA:231,0
DA:232,0
DA:233,0
DA:234,0
DA:235,0
DA:236,0
DA:237,0
DA:246,0
DA:247,0
DA:249,0
DA:251,0
DA:252,0
DA:253,0
DA:254,0
DA:256,0
DA:257,0
DA:259,0
DA:262,0
DA:263,0
DA:265,0
DA:270,0
DA:272,0
DA:274,0
DA:275,0
DA:282,1
DA:286,3
DA:287,1
DA:288,0
DA:289,0
DA:290,0
DA:292,0
DA:293,0
LF:115
LH:81
end_of_record
SF:lib\src\video_appbar_source.dart
DA:24,1
DA:28,1
DA:40,1
DA:59,1
DA:62,4
DA:66,2
DA:67,2
DA:68,2
DA:69,2
LF:9
LH:9
end_of_record
