SF:lib/src/video_appbar_exception.dart
DA:7,1
DA:9,1
DA:11,2
LF:3
LH:3
end_of_record
SF:lib/src/video_appbar.dart
DA:24,1
DA:62,1
DA:63,1
DA:65,1
DA:66,2
DA:75,1
DA:77,1
DA:80,3
DA:81,1
DA:82,2
DA:83,3
DA:84,1
DA:90,1
DA:91,2
DA:92,1
DA:93,3
DA:95,1
DA:98,3
DA:102,1
DA:103,2
DA:104,3
DA:105,1
DA:112,4
DA:113,7
DA:114,1
DA:117,6
DA:118,4
DA:119,2
DA:123,3
DA:124,3
DA:125,1
DA:126,2
DA:127,2
DA:128,5
DA:133,1
DA:136,2
DA:137,1
DA:140,1
DA:142,1
DA:143,1
DA:144,1
DA:145,1
DA:146,2
DA:147,1
DA:149,1
DA:150,3
DA:151,1
DA:154,1
DA:155,4
DA:156,4
DA:157,1
DA:158,3
DA:159,2
DA:163,1
DA:164,0
DA:165,0
DA:166,0
DA:167,0
DA:171,3
DA:172,2
DA:174,1
DA:175,1
DA:176,2
DA:179,5
DA:180,1
DA:181,3
DA:182,1
DA:183,1
DA:184,1
DA:186,1
DA:187,5
DA:189,1
DA:190,1
DA:192,2
DA:193,2
DA:195,1
DA:197,2
DA:198,1
DA:200,3
DA:213,1
DA:217,3
DA:218,1
DA:219,0
DA:220,0
DA:221,0
DA:223,0
DA:224,0
LF:87
LH:78
end_of_record
SF:lib/src/video_appbar_source.dart
DA:24,1
DA:29,1
DA:41,1
DA:63,1
DA:68,4
DA:72,2
DA:73,2
DA:74,2
DA:75,2
LF:9
LH:9
end_of_record
